[INFO] Scanning for projects...
[INFO] ------------------------------------------------------------------------
[INFO] Reactor Build Order:
[INFO] 
[INFO] foolish-parent                                                     [pom]
[INFO] Foolish Parser (Java/ANTLR)                                        [jar]
[INFO] Foolish Core (Java)                                                [jar]
[INFO] 
[INFO] ---------------------< org.foolish:foolish-parent >---------------------
[INFO] Building foolish-parent 1.0-SNAPSHOT                               [1/3]
[INFO]   from pom.xml
[INFO] --------------------------------[ pom ]---------------------------------
[INFO] 
[INFO] ------------------< org.foolish:foolish-parser-java >-------------------
[INFO] Building Foolish Parser (Java/ANTLR) 1.0-SNAPSHOT                  [2/3]
[INFO]   from foolish-parser-java/pom.xml
[INFO] --------------------------------[ jar ]---------------------------------
[WARNING] Parameter 'skip' is unknown for plugin 'antlr4-maven-plugin:4.13.2:antlr4 (default)'
[INFO] 
[INFO] --- antlr4:4.13.2:antlr4 (default) @ foolish-parser-java ---
[INFO] No grammars to process
[INFO] ANTLR 4: Processing source directory /home/hcbusy/claude/c/foolish-parser-java/src/main/antlr4
[INFO] 
[INFO] --- build-helper:3.6.1:add-source (add-source) @ foolish-parser-java ---
[INFO] Source directory: /home/hcbusy/claude/c/foolish-parser-java/target/generated-sources/antlr4 added.
[INFO] 
[INFO] --- resources:3.3.1:resources (default-resources) @ foolish-parser-java ---
[INFO] skip non existing resourceDirectory /home/hcbusy/claude/c/foolish-parser-java/src/main/resources
[INFO] 
[INFO] --- compiler:3.14.0:compile (default-compile) @ foolish-parser-java ---
[INFO] Recompiling the module because of changed source code.
[INFO] Compiling 10 source files with javac [debug target 25] to target/classes
[INFO] /home/hcbusy/claude/c/foolish-parser-java/src/main/java/org/foolish/ast/AST.java: /home/hcbusy/claude/c/foolish-parser-java/src/main/java/org/foolish/ast/AST.java uses unchecked or unsafe operations.
[INFO] /home/hcbusy/claude/c/foolish-parser-java/src/main/java/org/foolish/ast/AST.java: Recompile with -Xlint:unchecked for details.
[INFO] 
[INFO] --- resources:3.3.1:testResources (default-testResources) @ foolish-parser-java ---
[INFO] skip non existing resourceDirectory /home/hcbusy/claude/c/foolish-parser-java/src/test/resources
[INFO] 
[INFO] --- compiler:3.14.0:testCompile (default-testCompile) @ foolish-parser-java ---
[INFO] No sources to compile
[INFO] 
[INFO] --- surefire:3.2.5:test (default-test) @ foolish-parser-java ---
[INFO] No tests to run.
[INFO] 
[INFO] -------------------< org.foolish:foolish-core-java >--------------------
[INFO] Building Foolish Core (Java) 1.0-SNAPSHOT                          [3/3]
[INFO]   from foolish-core-java/pom.xml
[INFO] --------------------------------[ jar ]---------------------------------
[INFO] 
[INFO] --- resources:3.3.1:resources (default-resources) @ foolish-core-java ---
[INFO] skip non existing resourceDirectory /home/hcbusy/claude/c/foolish-core-java/src/main/resources
[INFO] 
[INFO] --- compiler:3.14.0:compile (default-compile) @ foolish-core-java ---
[INFO] Recompiling the module because of changed dependency.
[INFO] Compiling 45 source files with javac [debug target 25] to target/classes
[INFO] /home/hcbusy/claude/c/foolish-core-java/src/main/java/org/foolish/fvm/ubc/FiroeWithBraneMind.java: Some input files use or override a deprecated API.
[INFO] /home/hcbusy/claude/c/foolish-core-java/src/main/java/org/foolish/fvm/ubc/FiroeWithBraneMind.java: Recompile with -Xlint:deprecation for details.
[INFO] /home/hcbusy/claude/c/foolish-core-java/src/main/java/org/foolish/fvm/ubc/FiroeWithBraneMind.java: /home/hcbusy/claude/c/foolish-core-java/src/main/java/org/foolish/fvm/ubc/FiroeWithBraneMind.java uses unchecked or unsafe operations.
[INFO] /home/hcbusy/claude/c/foolish-core-java/src/main/java/org/foolish/fvm/ubc/FiroeWithBraneMind.java: Recompile with -Xlint:unchecked for details.
[INFO] 
[INFO] --- resources:3.3.1:testResources (default-testResources) @ foolish-core-java ---
[INFO] Copying 72 resources from ../test-resources to target/test-classes
[INFO] 
[INFO] --- compiler:3.14.0:testCompile (default-testCompile) @ foolish-core-java ---
[INFO] Recompiling the module because of changed dependency.
[INFO] Compiling 16 source files with javac [debug target 25] to target/test-classes
[INFO] /home/hcbusy/claude/c/foolish-core-java/src/test/java/org/foolish/ParserApprovalTest.java: Some input files use or override a deprecated API.
[INFO] /home/hcbusy/claude/c/foolish-core-java/src/test/java/org/foolish/ParserApprovalTest.java: Recompile with -Xlint:deprecation for details.
[INFO] 
[INFO] --- surefire:3.2.5:test (default-test) @ foolish-core-java ---
[INFO] Using auto detected provider org.apache.maven.surefire.junitplatform.JUnitPlatformProvider
[INFO] 
[INFO] -------------------------------------------------------
[INFO]  T E S T S
[INFO] -------------------------------------------------------
[INFO] Running org.foolish.fvm.ubc.UbcApprovalTest
DEBUG: AbstractSearchFiroe resolvedAnchor=AssignmentFiroe b = ???
DEBUG: AbstractSearchFiroe resolvedAnchor=BraneFiroe {
＿{
＿};
＿{
＿};
}
DEBUG: Searching Brane 2073299099 Size=2 Item0={
}
DEBUG: Executed Search on 2073299099 Result={
}
DEBUG: AbstractSearchFiroe resolvedAnchor=AssignmentFiroe b = ???
DEBUG: AbstractSearchFiroe resolvedAnchor=AssignmentFiroe brane = ???
DEBUG: AbstractSearchFiroe resolvedAnchor=BraneFiroe {
＿10;
＿20;
＿30;
}
DEBUG: Searching Brane 1573605215 Size=3 Item0=10
DEBUG: Executed Search on 1573605215 Result=10
DEBUG: AbstractSearchFiroe resolvedAnchor=BraneFiroe {
＿10;
＿20;
＿30;
}
DEBUG: Searching Brane 1904288897 Size=3 Item0=10
DEBUG: Executed Search on 1904288897 Result=30
DEBUG: AbstractSearchFiroe resolvedAnchor=BraneFiroe {
＿first = ???;
＿second = ???;
}
DEBUG: Searching Brane 382627885 Size=2 Item0=first = ???
DEBUG: Executed Search on 382627885 Result=first = ???
DEBUG: AbstractSearchFiroe resolvedAnchor=BraneFiroe {
}
DEBUG: Searching Brane 782689036 Size=0 Item0=empty
DEBUG: Executed Search on 782689036 Result=???
DEBUG: AbstractSearchFiroe resolvedAnchor=BraneFiroe {
}
DEBUG: Searching Brane 1631119258 Size=0 Item0=empty
DEBUG: Executed Search on 1631119258 Result=???
DEBUG: AbstractSearchFiroe resolvedAnchor=BraneFiroe {
＿x = ???;
＿???;
}
DEBUG: Searching Brane 1119622337 Size=2 Item0=x = ???
DEBUG: Executed Search on 1119622337 Result=x
[Feb 5, 2026, 8:53:46 AM ~000000ms] mv -f /home/hcbusy/claude/c/foolish-core-java/src/test/resources/org/foolish/fvm/ubc/oneShotSearchIsApproved.received.foo /home/hcbusy/claude/c/foolish-core-java/src/test/resources/org/foolish/fvm/ubc/oneShotSearchIsApproved.approved.foo
[ERROR] Tests run: 1, Failures: 0, Errors: 1, Skipped: 0, Time elapsed: 0.562 s <<< FAILURE! -- in org.foolish.fvm.ubc.UbcApprovalTest
[ERROR] org.foolish.fvm.ubc.UbcApprovalTest.approvalTests(File, String)[1] -- Time elapsed: 0.454 s <<< ERROR!
java.lang.Error: 
Failed Approval
  Approved:/home/hcbusy/claude/c/foolish-core-java/src/test/resources/org/foolish/fvm/ubc/oneShotSearchIsApproved.approved.foo
  Received:/home/hcbusy/claude/c/foolish-core-java/src/test/resources/org/foolish/fvm/ubc/oneShotSearchIsApproved.received.foo
	at org.approvaltests.approvers.FileApprover.createError(FileApprover.java:91)
	at org.approvaltests.approvers.FileApprover.fail(FileApprover.java:86)
	at org.approvaltests.Approvals.verify(Approvals.java:282)
	at org.approvaltests.Approvals.verify(Approvals.java:219)
	at org.approvaltests.Approvals.verify(Approvals.java:229)
	at org.approvaltests.Approvals.verify(Approvals.java:56)
	at org.foolish.ApprovalTestRunner.runApprovalTest(ApprovalTestRunner.java:119)
	at org.foolish.fvm.ubc.UbcApprovalTest.approvalTests(UbcApprovalTest.java:43)
	at java.base/java.lang.reflect.Method.invoke(Method.java:565)
	at java.base/java.util.Optional.ifPresent(Optional.java:178)
	at java.base/java.util.stream.ForEachOps$ForEachOp$OfRef.accept(ForEachOps.java:186)
	at java.base/java.util.stream.ReferencePipeline$3$1.accept(ReferencePipeline.java:214)
	at java.base/java.util.stream.ForEachOps$ForEachOp$OfRef.accept(ForEachOps.java:186)
	at java.base/java.util.stream.ForEachOps$ForEachOp$OfRef.accept(ForEachOps.java:186)
	at java.base/java.util.stream.ReferencePipeline$3$1.accept(ReferencePipeline.java:214)
	at java.base/java.util.stream.ForEachOps$ForEachOp$OfRef.accept(ForEachOps.java:186)
	at java.base/java.util.stream.ReferencePipeline$3$1.accept(ReferencePipeline.java:214)
	at java.base/java.util.stream.ReferencePipeline$2$1.accept(ReferencePipeline.java:197)
	at java.base/java.util.ArrayList$ArrayListSpliterator.forEachRemaining(ArrayList.java:1716)
	at java.base/java.util.stream.AbstractPipeline.copyInto(AbstractPipeline.java:570)
	at java.base/java.util.stream.AbstractPipeline.wrapAndCopyInto(AbstractPipeline.java:560)
	at java.base/java.util.stream.ForEachOps$ForEachOp.evaluateSequential(ForEachOps.java:153)
	at java.base/java.util.stream.ForEachOps$ForEachOp$OfRef.evaluateSequential(ForEachOps.java:176)
	at java.base/java.util.stream.AbstractPipeline.evaluate(AbstractPipeline.java:265)
	at java.base/java.util.stream.ReferencePipeline.forEach(ReferencePipeline.java:632)
	at java.base/java.util.stream.ReferencePipeline$7$1FlatMap.accept(ReferencePipeline.java:293)
	at java.base/java.util.stream.ReferencePipeline$3$1.accept(ReferencePipeline.java:214)
	at java.base/java.util.stream.ReferencePipeline$3$1.accept(ReferencePipeline.java:214)
	at java.base/java.util.stream.ReferencePipeline$3$1.accept(ReferencePipeline.java:214)
	at java.base/java.util.Spliterators$ArraySpliterator.forEachRemaining(Spliterators.java:1024)
	at java.base/java.util.stream.AbstractPipeline.copyInto(AbstractPipeline.java:570)
	at java.base/java.util.stream.AbstractPipeline.wrapAndCopyInto(AbstractPipeline.java:560)
	at java.base/java.util.stream.ForEachOps$ForEachOp.evaluateSequential(ForEachOps.java:153)
	at java.base/java.util.stream.ForEachOps$ForEachOp$OfRef.evaluateSequential(ForEachOps.java:176)
	at java.base/java.util.stream.AbstractPipeline.evaluate(AbstractPipeline.java:265)
	at java.base/java.util.stream.ReferencePipeline.forEach(ReferencePipeline.java:632)
	at java.base/java.util.stream.ReferencePipeline$7$1FlatMap.accept(ReferencePipeline.java:293)
	at java.base/java.util.ArrayList$ArrayListSpliterator.forEachRemaining(ArrayList.java:1716)
	at java.base/java.util.stream.AbstractPipeline.copyInto(AbstractPipeline.java:570)
	at java.base/java.util.stream.AbstractPipeline.wrapAndCopyInto(AbstractPipeline.java:560)
	at java.base/java.util.stream.ForEachOps$ForEachOp.evaluateSequential(ForEachOps.java:153)
	at java.base/java.util.stream.ForEachOps$ForEachOp$OfRef.evaluateSequential(ForEachOps.java:176)
	at java.base/java.util.stream.AbstractPipeline.evaluate(AbstractPipeline.java:265)
	at java.base/java.util.stream.ReferencePipeline.forEach(ReferencePipeline.java:632)
	at java.base/java.util.stream.ReferencePipeline$7$1FlatMap.accept(ReferencePipeline.java:293)
	at java.base/java.util.stream.ReferencePipeline$3$1.accept(ReferencePipeline.java:214)
	at java.base/java.util.stream.ReferencePipeline$3$1.accept(ReferencePipeline.java:214)
	at java.base/java.util.stream.ReferencePipeline$3$1.accept(ReferencePipeline.java:214)
	at java.base/java.util.ArrayList$ArrayListSpliterator.forEachRemaining(ArrayList.java:1716)
	at java.base/java.util.stream.AbstractPipeline.copyInto(AbstractPipeline.java:570)
	at java.base/java.util.stream.AbstractPipeline.wrapAndCopyInto(AbstractPipeline.java:560)
	at java.base/java.util.stream.ForEachOps$ForEachOp.evaluateSequential(ForEachOps.java:153)
	at java.base/java.util.stream.ForEachOps$ForEachOp$OfRef.evaluateSequential(ForEachOps.java:176)
	at java.base/java.util.stream.AbstractPipeline.evaluate(AbstractPipeline.java:265)
	at java.base/java.util.stream.ReferencePipeline.forEach(ReferencePipeline.java:632)
	at java.base/java.util.ArrayList.forEach(ArrayList.java:1604)
	at java.base/java.util.ArrayList.forEach(ArrayList.java:1604)

[INFO] 
[INFO] Results:
[INFO] 
[ERROR] Errors: 
[ERROR]   UbcApprovalTest.approvalTests:43 »  Failed Approval
  Approved:/home/hcbusy/claude/c/foolish-core-java/src/test/resources/org/foolish/fvm/ubc/oneShotSearchIsApproved.approved.foo
  Received:/home/hcbusy/claude/c/foolish-core-java/src/test/resources/org/foolish/fvm/ubc/oneShotSearchIsApproved.received.foo
[INFO] 
[ERROR] Tests run: 1, Failures: 0, Errors: 1, Skipped: 0
[INFO] 
[INFO] ------------------------------------------------------------------------
[INFO] Reactor Summary for foolish-parent 1.0-SNAPSHOT:
[INFO] 
[INFO] foolish-parent ..................................... SUCCESS [  0.004 s]
[INFO] Foolish Parser (Java/ANTLR) ........................ SUCCESS [  3.094 s]
[INFO] Foolish Core (Java) ................................ FAILURE [  3.691 s]
[INFO] ------------------------------------------------------------------------
[INFO] BUILD FAILURE
[INFO] ------------------------------------------------------------------------
[INFO] Total time:  6.989 s
[INFO] Finished at: 2026-02-05T08:53:46-08:00
[INFO] ------------------------------------------------------------------------
[ERROR] Failed to execute goal org.apache.maven.plugins:maven-surefire-plugin:3.2.5:test (default-test) on project foolish-core-java: 
[ERROR] 
[ERROR] Please refer to /home/hcbusy/claude/c/foolish-core-java/target/surefire-reports for the individual test results.
[ERROR] Please refer to dump files (if any exist) [date].dump, [date]-jvmRun[N].dump and [date].dumpstream.
[ERROR] -> [Help 1]
[ERROR] 
[ERROR] To see the full stack trace of the errors, re-run Maven with the -e switch.
[ERROR] Re-run Maven using the -X switch to enable full debug logging.
[ERROR] 
[ERROR] For more information about the errors and possible solutions, please read the following articles:
[ERROR] [Help 1] http://cwiki.apache.org/confluence/display/MAVEN/MojoFailureException
[ERROR] 
[ERROR] After correcting the problems, you can resume the build with the command
[ERROR]   mvn <args> -rf :foolish-core-java
